<?xml version="1.0" encoding="UTF-8"?>
<!-- Generated by org.testng.reporters.JUnitReportReporter -->
<testsuite ignored="0" hostname="Luiss-MacBook-Pro.local" failures="0" tests="1" name="selenium.De" time="5.677" errors="0" timestamp="18 Jan 2025 16:35:44 GMT" skipped="0">
  <testcase classname="selenium.De" name="f" time="5.677"/>
</testsuite> <!-- selenium.De -->
